<testsuites id="" name="" tests="4" failures="0" skipped="0" errors="0" time="13.707734000001103">
<testsuite name="tests\FrontEnd.spec.ts" timestamp="2026-05-11T18:11:21.398Z" hostname="chromium" tests="4" failures="0" skipped="0" time="10.257" errors="0">
<testcase name="Login › login responsivo" classname="tests\FrontEnd.spec.ts" time="3.975">
<system-out>
<![CDATA[É responsivo! 

]]>
</system-out>
</testcase>
<testcase name="Login › Teste de preenchimento correto" classname="tests\FrontEnd.spec.ts" time="1.723">
</testcase>
<testcase name="Login › Teste usuarios testando o método limpar campos" classname="tests\FrontEnd.spec.ts" time="2.399">
<system-out>
<![CDATA[Erros do método limpar campos:  Epic sadface: Username and password do not match any user in this service
Erros do método limpar campos:  Epic sadface: Username and password do not match any user in this service
Erros do método limpar campos:  Epic sadface: Username is required
]]>
</system-out>
</testcase>
<testcase name="Login › Teste usuarios testando o método refresh da página" classname="tests\FrontEnd.spec.ts" time="2.16">
<system-out>
<![CDATA[Erros do método refresh da página: Epic sadface: Username and password do not match any user in this service
Erros do método refresh da página: Epic sadface: Username and password do not match any user in this service
Erros do método refresh da página: Epic sadface: Username is required
]]>
</system-out>
</testcase>
</testsuite>
</testsuites>